<?xml version="1.0" encoding="UTF-8"?>
<!-- Generated by org.testng.reporters.JUnitReportReporter -->
<testsuite hostname="DESKTOP-CFSKSBJ" failures="0" tests="4" name="api.test.UserTests2" time="5.447" errors="0" timestamp="2024-11-13T10:55:40 IST" skipped="0">
  <testcase classname="api.test.UserTests2" name="testPostUser" time="1.075"/>
  <testcase classname="api.test.UserTests2" name="testGetUser" time="1.050"/>
  <testcase classname="api.test.UserTests2" name="testUpdateUser" time="2.228"/>
  <testcase classname="api.test.UserTests2" name="testDeleteUser" time="1.094"/>
</testsuite> <!-- api.test.UserTests2 -->
