<?xml version="1.0" encoding="UTF-8"?>
<!-- Generated by org.testng.reporters.JUnitReportReporter -->
<testsuite hostname="DESKTOP-CFSKSBJ" failures="0" tests="6" name="api.test.DDTests" time="6.632" errors="0" timestamp="2024-11-13T10:55:40 IST" skipped="0">
  <testcase classname="api.test.DDTests" name="testPostUser" time="1.123"/>
  <testcase classname="api.test.DDTests" name="testPostUser" time="1.125"/>
  <testcase classname="api.test.DDTests" name="testPostUser" time="1.117"/>
  <testcase classname="api.test.DDTests" name="testDeleteUser" time="1.092"/>
  <testcase classname="api.test.DDTests" name="testDeleteUser" time="1.095"/>
  <testcase classname="api.test.DDTests" name="testDeleteUser" time="1.080"/>
</testsuite> <!-- api.test.DDTests -->
