<?xml version="1.0" encoding="UTF-8"?>
<!-- Generated by org.testng.reporters.JUnitReportReporter -->
<testsuite hostname="DESKTOP-CFSKSBJ" failures="0" tests="6" name="api.test.DDTests" time="6.600" errors="0" timestamp="2024-11-13T03:07:19 IST" skipped="0">
  <testcase classname="api.test.DDTests" name="testPostUser" time="1.099"/>
  <testcase classname="api.test.DDTests" name="testPostUser" time="1.093"/>
  <testcase classname="api.test.DDTests" name="testPostUser" time="1.141"/>
  <testcase classname="api.test.DDTests" name="testDeleteUser" time="1.074"/>
  <testcase classname="api.test.DDTests" name="testDeleteUser" time="1.068"/>
  <testcase classname="api.test.DDTests" name="testDeleteUser" time="1.125"/>
</testsuite> <!-- api.test.DDTests -->
