<?xml version="1.0" encoding="UTF-8"?>
<!-- Generated by org.testng.reporters.JUnitReportReporter -->
<testsuite hostname="DESKTOP-CFSKSBJ" failures="0" tests="4" name="api.test.UserTests" time="7.280" errors="0" timestamp="2024-11-13T10:55:40 IST" skipped="0">
  <testcase classname="api.test.UserTests" name="testPostUser" time="2.896"/>
  <testcase classname="api.test.UserTests" name="testGetUser" time="1.127"/>
  <testcase classname="api.test.UserTests" name="testUpdateUser" time="2.209"/>
  <testcase classname="api.test.UserTests" name="testDeleteUser" time="1.048"/>
</testsuite> <!-- api.test.UserTests -->
