<?xml version="1.0" encoding="UTF-8"?>
<!-- Generated by org.testng.reporters.JUnitReportReporter -->
<testsuite hostname="DESKTOP-CFSKSBJ" failures="0" tests="4" name="api.test.UserTests" time="7.710" errors="0" timestamp="2024-11-13T02:08:28 IST" skipped="0">
  <testcase classname="api.test.UserTests" name="testPostUser" time="3.190"/>
  <testcase classname="api.test.UserTests" name="testGetUser" time="1.186"/>
  <testcase classname="api.test.UserTests" name="testUpdateUser" time="2.237"/>
  <testcase classname="api.test.UserTests" name="testDeleteUser" time="1.097"/>
</testsuite> <!-- api.test.UserTests -->
