<?xml version="1.0" encoding="UTF-8"?>
<!-- Generated by org.testng.reporters.JUnitReportReporter -->
<testsuite hostname="DESKTOP-CFSKSBJ" failures="0" tests="4" name="api.test.UserTests" time="8.472" errors="0" timestamp="2024-11-13T02:43:00 IST" skipped="0">
  <testcase classname="api.test.UserTests" name="testPostUser" time="3.436"/>
  <testcase classname="api.test.UserTests" name="testGetUser" time="1.287"/>
  <testcase classname="api.test.UserTests" name="testUpdateUser" time="2.467"/>
  <testcase classname="api.test.UserTests" name="testDeleteUser" time="1.282"/>
</testsuite> <!-- api.test.UserTests -->
