<?xml version="1.0" encoding="UTF-8"?>
<!-- Generated by org.testng.reporters.JUnitReportReporter -->
<testsuite hostname="DESKTOP-CFSKSBJ" failures="0" tests="4" name="api.test.UserTests" time="7.860" errors="0" timestamp="2024-11-13T02:14:53 IST" skipped="0">
  <testcase classname="api.test.UserTests" name="testPostUser" time="3.277"/>
  <testcase classname="api.test.UserTests" name="testGetUser" time="1.180"/>
  <testcase classname="api.test.UserTests" name="testUpdateUser" time="2.288"/>
  <testcase classname="api.test.UserTests" name="testDeleteUser" time="1.115"/>
</testsuite> <!-- api.test.UserTests -->
