<?xml version="1.0" encoding="UTF-8"?>
<!-- Generated by org.testng.reporters.JUnitReportReporter -->
<testsuite hostname="DESKTOP-CFSKSBJ" failures="0" tests="4" name="api.test.UserTests" time="8.722" errors="0" timestamp="2024-11-13T02:25:51 IST" skipped="0">
  <testcase classname="api.test.UserTests" name="testPostUser" time="3.663"/>
  <testcase classname="api.test.UserTests" name="testGetUser" time="1.258"/>
  <testcase classname="api.test.UserTests" name="testUpdateUser" time="2.508"/>
  <testcase classname="api.test.UserTests" name="testDeleteUser" time="1.293"/>
</testsuite> <!-- api.test.UserTests -->
