<?xml version="1.0" encoding="UTF-8"?>
<!-- Generated by org.testng.reporters.JUnitReportReporter -->
<testsuite hostname="DESKTOP-CFSKSBJ" failures="0" tests="6" name="api.test.DDTests" time="6.538" errors="0" timestamp="2024-11-13T10:57:45 IST" skipped="0">
  <testcase classname="api.test.DDTests" name="testPostUser" time="1.083"/>
  <testcase classname="api.test.DDTests" name="testPostUser" time="1.129"/>
  <testcase classname="api.test.DDTests" name="testPostUser" time="1.075"/>
  <testcase classname="api.test.DDTests" name="testDeleteUser" time="1.154"/>
  <testcase classname="api.test.DDTests" name="testDeleteUser" time="1.049"/>
  <testcase classname="api.test.DDTests" name="testDeleteUser" time="1.048"/>
</testsuite> <!-- api.test.DDTests -->
